<?xml version="1.0" encoding="UTF-8"?>
<!-- Generated by org.testng.reporters.JUnitReportReporter -->
<testsuite hostname="ARJUN-PC" failures="0" tests="2" name="TestCases.TC1" time="1.120" errors="0" timestamp="2022-07-30T18:00:22 IST" skipped="0">
  <testcase classname="TestCases.TC1" name="userSelectTravelDetails" time="0.999"/>
  <system-out/>
  <testcase classname="TestCases.TC1" name="userSelectTravelType" time="0.121"/>
  <system-out/>
</testsuite> <!-- TestCases.TC1 -->
