<?xml version="1.0" encoding="UTF-8"?>
<!-- Generated by org.testng.reporters.JUnitReportReporter -->
<testsuite hostname="ARJUN-PC" failures="0" tests="1" name="TestCases.TC2" time="1.660" errors="0" timestamp="2022-07-30T18:00:22 IST" skipped="0">
  <testcase classname="TestCases.TC2" name="verifyNavigationToAirIndiaPage" time="1.660"/>
  <system-out/>
</testsuite> <!-- TestCases.TC2 -->
